Using pre-set license
Built from '2021.2/china_unity/release' branch; Version is '2021.2.2f1c1 (52b9d12088e8) revision 5421521'; Using compiler version '192829333'; Build Type 'Release'
OS: 'Windows 10 Home China; OS build 22000.526; Version 2009; 64bit' Language: 'zh' Physical Memory: 16190 MB
BatchMode: 1, IsHumanControllingUs: 0, StartBugReporterOnCrash: 0, Is64bit: 1, IsPro: 0

COMMAND LINE ARGUMENTS:
D:\program\UnityEngine\2021.2.2f1c1\Editor\Unity.exe
-adb2
-batchMode
-noUpm
-name
AssetImportWorker2
-projectPath
D:/code/unity/SRPStudy/ReubenRP
-logFile
Logs/AssetImportWorker2.log
-srvPort
11294
Successfully changed project path to: D:/code/unity/SRPStudy/ReubenRP
D:/code/unity/SRPStudy/ReubenRP
[UnityMemory] Configuration Parameters - Can be set up in boot.config
    "memorysetup-bucket-allocator-granularity=16"
    "memorysetup-bucket-allocator-bucket-count=8"
    "memorysetup-bucket-allocator-block-size=33554432"
    "memorysetup-bucket-allocator-block-count=8"
    "memorysetup-main-allocator-block-size=16777216"
    "memorysetup-thread-allocator-block-size=16777216"
    "memorysetup-gfx-main-allocator-block-size=16777216"
    "memorysetup-gfx-thread-allocator-block-size=16777216"
    "memorysetup-cache-allocator-block-size=4194304"
    "memorysetup-typetree-allocator-block-size=2097152"
    "memorysetup-profiler-bucket-allocator-granularity=16"
    "memorysetup-profiler-bucket-allocator-bucket-count=8"
    "memorysetup-profiler-bucket-allocator-block-size=33554432"
    "memorysetup-profiler-bucket-allocator-block-count=8"
    "memorysetup-profiler-allocator-block-size=16777216"
    "memorysetup-profiler-editor-allocator-block-size=1048576"
    "memorysetup-temp-allocator-size-main=16777216"
    "memorysetup-job-temp-allocator-block-size=2097152"
    "memorysetup-job-temp-allocator-block-size-background=1048576"
    "memorysetup-job-temp-allocator-reduction-small-platforms=262144"
    "memorysetup-temp-allocator-size-background-worker=32768"
    "memorysetup-temp-allocator-size-job-worker=262144"
    "memorysetup-temp-allocator-size-preload-manager=33554432"
    "memorysetup-temp-allocator-size-nav-mesh-worker=65536"
    "memorysetup-temp-allocator-size-audio-worker=65536"
    "memorysetup-temp-allocator-size-cloud-worker=32768"
    "memorysetup-temp-allocator-size-gi-baking-worker=262144"
    "memorysetup-temp-allocator-size-gfx=262144"
Refreshing native plugins compatible for Editor in 75.05 ms, found 3 plugins.
Preloading 0 native plugins for Editor in 0.00 ms.
Initialize engine version: 2021.2.2f1c1 (52b9d12088e8)
[Subsystems] Discovering subsystems at path D:/program/UnityEngine/2021.2.2f1c1/Editor/Data/Resources/UnitySubsystems
[Subsystems] Discovering subsystems at path D:/code/unity/SRPStudy/ReubenRP/Assets
GfxDevice: creating device client; threaded=0; jobified=0
Direct3D:
    Version:  Direct3D 11.0 [level 11.1]
    Renderer: NVIDIA GeForce GTX 1650 (ID=0x1f91)
    Vendor:   NVIDIA
    VRAM:     3962 MB
    Driver:   30.0.14.9733
Initialize mono
Mono path[0] = 'D:/program/UnityEngine/2021.2.2f1c1/Editor/Data/Managed'
Mono path[1] = 'D:/program/UnityEngine/2021.2.2f1c1/Editor/Data/MonoBleedingEdge/lib/mono/unityjit-win32'
Mono config path = 'D:/program/UnityEngine/2021.2.2f1c1/Editor/Data/MonoBleedingEdge/etc'
Using monoOptions --debugger-agent=transport=dt_socket,embedding=1,server=y,suspend=n,address=127.0.0.1:56148
Begin MonoManager ReloadAssembly
Registering precompiled unity dll's ...
Register platform support module: D:/program/UnityEngine/2021.2.2f1c1/Editor/Data/PlaybackEngines/WindowsStandaloneSupport/UnityEditor.WindowsStandalone.Extensions.dll
Registered in 0.003331 seconds.
Native extension for WindowsStandalone target not found
Refreshing native plugins compatible for Editor in 70.75 ms, found 3 plugins.
Preloading 0 native plugins for Editor in 0.00 ms.
Mono: successfully reloaded assembly
- Completed reload, in  0.615 seconds
Domain Reload Profiling:
	ReloadAssembly (615ms)
		BeginReloadAssembly (92ms)
			ExecutionOrderSort (0ms)
			DisableScriptedObjects (0ms)
			BackupInstance (0ms)
			ReleaseScriptingObjects (0ms)
			CreateAndSetChildDomain (1ms)
		EndReloadAssembly (437ms)
			LoadAssemblies (86ms)
			RebuildTransferFunctionScriptingTraits (0ms)
			SetupTypeCache (99ms)
			ReleaseScriptCaches (0ms)
			RebuildScriptCaches (28ms)
			SetupLoadedEditorAssemblies (252ms)
				LogAssemblyErrors (0ms)
				InitializePlatformSupportModulesInManaged (14ms)
				SetLoadedEditorAssemblies (0ms)
				RefreshPlugins (71ms)
				BeforeProcessingInitializeOnLoad (1ms)
				ProcessInitializeOnLoadAttributes (120ms)
				ProcessInitializeOnLoadMethodAttributes (46ms)
				AfterProcessingInitializeOnLoad (0ms)
				EditorAssembliesLoaded (0ms)
			ExecutionOrderSort2 (0ms)
			AwakeInstancesAfterBackupRestoration (0ms)
Platform modules already initialized, skipping
Registering precompiled user dll's ...
Registered in 0.014087 seconds.
Begin MonoManager ReloadAssembly
Symbol file LoadedFromMemory doesn't match image D:\code\unity\SRPStudy\ReubenRP\Library\PackageCache\com.unity.visualscripting@1.7.5\Editor\VisualScripting.Core\Dependencies\YamlDotNet\Unity.VisualScripting.YamlDotNet.dll
Symbol file LoadedFromMemory doesn't match image D:\code\unity\SRPStudy\ReubenRP\Library\PackageCache\com.unity.visualscripting@1.7.5\Editor\VisualScripting.Core\Dependencies\DotNetZip\Unity.VisualScripting.IonicZip.dll
Native extension for WindowsStandalone target not found
Refreshing native plugins compatible for Editor in 70.60 ms, found 3 plugins.
Preloading 0 native plugins for Editor in 0.00 ms.
Mono: successfully reloaded assembly
- Completed reload, in  1.192 seconds
Domain Reload Profiling:
	ReloadAssembly (1193ms)
		BeginReloadAssembly (184ms)
			ExecutionOrderSort (0ms)
			DisableScriptedObjects (6ms)
			BackupInstance (0ms)
			ReleaseScriptingObjects (0ms)
			CreateAndSetChildDomain (18ms)
		EndReloadAssembly (905ms)
			LoadAssemblies (93ms)
			RebuildTransferFunctionScriptingTraits (0ms)
			SetupTypeCache (211ms)
			ReleaseScriptCaches (1ms)
			RebuildScriptCaches (45ms)
			SetupLoadedEditorAssemblies (455ms)
				LogAssemblyErrors (0ms)
				InitializePlatformSupportModulesInManaged (9ms)
				SetLoadedEditorAssemblies (0ms)
				RefreshPlugins (71ms)
				BeforeProcessingInitializeOnLoad (79ms)
				ProcessInitializeOnLoadAttributes (217ms)
				ProcessInitializeOnLoadMethodAttributes (65ms)
				AfterProcessingInitializeOnLoad (14ms)
				EditorAssembliesLoaded (0ms)
			ExecutionOrderSort2 (0ms)
			AwakeInstancesAfterBackupRestoration (7ms)
Platform modules already initialized, skipping
========================================================================
Worker process is ready to serve import requests
Launched and connected shader compiler UnityShaderCompiler.exe after 0.05 seconds
Refreshing native plugins compatible for Editor in 0.50 ms, found 3 plugins.
Preloading 0 native plugins for Editor in 0.00 ms.
Unloading 3364 Unused Serialized files (Serialized files now loaded: 0)
Unloading 25 unused Assets / (343.2 KB). Loaded Objects now: 3826.
Memory consumption went from 125.4 MB to 125.1 MB.
Total: 3.347100 ms (FindLiveObjects: 0.250800 ms CreateObjectMapping: 0.165300 ms MarkObjects: 2.831800 ms  DeleteObjects: 0.098400 ms)

AssetImportParameters requested are different than current active one (requested -> active):
  custom:video-decoder-ogg-theora: a1e56fd34408186e4bbccfd4996cb3dc -> 
  custom:container-muxer-webm: aa71ff27fc2769a1b78a27578f13a17b -> 
  custom:container-demuxer-webm: 4f35f7cbe854078d1ac9338744f61a02 -> 
  custom:video-encoder-webm-vp8: eb34c28f22e8b96e1ab97ce403110664 -> 
  custom:video-codec-MediaFoundation-h265: 746d11721c4dcdbdad8f713fa42b33f4 -> 
  custom:audio-encoder-webm-vorbis: bf7c407c2cedff20999df2af8eb42d56 -> 
  custom:framework-win-MediaFoundation: 216162199b28c13a410421893ffa2e32 -> 
  custom:container-demuxer-ogg: 62fdf1f143b41e24485cea50d1cbac27 -> 
  custom:video-decoder-webm-vp8: 9c59270c3fd7afecdb556c50c9e8de78 -> 
  custom:audio-decoder-ogg-vorbis: bf7c407c2cedff20999df2af8eb42d56 -> 
========================================================================
Received Import Request.
  Time since last request: 23119.592619 seconds.
  path: Assets/Materials/Ball 1.mat
  artifactKey: Guid(85c09d5d72d4138498cf632688e9dfe2) Importer(815301076,1909f56bfc062723c751e8b465ee728b)
Start importing Assets/Materials/Ball 1.mat using Guid(85c09d5d72d4138498cf632688e9dfe2) Importer(815301076,1909f56bfc062723c751e8b465ee728b)  -> (artifact id: '053e07ba2587dd1582f783734bf5331d') in 0.381956 seconds 
========================================================================
Received Import Request.
  Time since last request: 10.475067 seconds.
  path: Assets/Materials/Ball.mat
  artifactKey: Guid(417470f00bbd8be468d82e533b385998) Importer(815301076,1909f56bfc062723c751e8b465ee728b)
Start importing Assets/Materials/Ball.mat using Guid(417470f00bbd8be468d82e533b385998) Importer(815301076,1909f56bfc062723c751e8b465ee728b)  -> (artifact id: '9543a5fea6f19ce368693db6b0db3650') in 0.019950 seconds 
========================================================================
Received Import Request.
  Time since last request: 37.361310 seconds.
  path: Assets/Scenes/Ball/Lightmap-0_comp_dir.png
  artifactKey: Guid(a236dc38fd18d374ab5ba2de11b09f75) Importer(815301076,1909f56bfc062723c751e8b465ee728b)
Start importing Assets/Scenes/Ball/Lightmap-0_comp_dir.png using Guid(a236dc38fd18d374ab5ba2de11b09f75) Importer(815301076,1909f56bfc062723c751e8b465ee728b)  -> (artifact id: '3ce6934ac3fd60167a0d553fcca2b556') in 0.029016 seconds 
========================================================================
Received Import Request.
  Time since last request: 2.776582 seconds.
  path: Assets/Scenes/Ball/ReflectionProbe-0.exr
  artifactKey: Guid(b829e540274bd794a8f638dce871f053) Importer(815301076,1909f56bfc062723c751e8b465ee728b)
Start importing Assets/Scenes/Ball/ReflectionProbe-0.exr using Guid(b829e540274bd794a8f638dce871f053) Importer(815301076,1909f56bfc062723c751e8b465ee728b)  -> (artifact id: 'f0f9002550054b03ca25921ed5cdc47b') in 0.024439 seconds 
========================================================================
Received Import Request.
  Time since last request: 0.672194 seconds.
  path: Assets/Scenes/Ball/ReflectionProbe-1.exr
  artifactKey: Guid(43215b02514d4e64cb67482f64b7bbf8) Importer(815301076,1909f56bfc062723c751e8b465ee728b)
Start importing Assets/Scenes/Ball/ReflectionProbe-1.exr using Guid(43215b02514d4e64cb67482f64b7bbf8) Importer(815301076,1909f56bfc062723c751e8b465ee728b)  -> (artifact id: '1a695f98acf5d193b2f65788ab86ae0d') in 0.013326 seconds 
========================================================================
Received Import Request.
  Time since last request: 0.442731 seconds.
  path: Assets/Scenes/Shadows/ReflectionProbe-1.exr
  artifactKey: Guid(f01fbb41d7d39094f9c7f263d4b53e70) Importer(815301076,1909f56bfc062723c751e8b465ee728b)
Start importing Assets/Scenes/Shadows/ReflectionProbe-1.exr using Guid(f01fbb41d7d39094f9c7f263d4b53e70) Importer(815301076,1909f56bfc062723c751e8b465ee728b)  -> (artifact id: '404ca9f382e1644f449393ae747ea4bb') in 0.014158 seconds 
========================================================================
Received Import Request.
  Time since last request: 64.891476 seconds.
  path: Assets/Textures/Models/Ball.fbx
  artifactKey: Guid(e29fd78e5992e4547829721b729563fc) Importer(815301076,1909f56bfc062723c751e8b465ee728b)
Start importing Assets/Textures/Models/Ball.fbx using Guid(e29fd78e5992e4547829721b729563fc) Importer(815301076,1909f56bfc062723c751e8b465ee728b)  -> (artifact id: '51d6a3ddd7a2986b6afc6f7b26825c4a') in 0.078972 seconds 
========================================================================
Received Import Request.
  Time since last request: 537.688959 seconds.
  path: Assets/Materials/Ball 1.mat
  artifactKey: Guid(85c09d5d72d4138498cf632688e9dfe2) Importer(815301076,1909f56bfc062723c751e8b465ee728b)
Start importing Assets/Materials/Ball 1.mat using Guid(85c09d5d72d4138498cf632688e9dfe2) Importer(815301076,1909f56bfc062723c751e8b465ee728b)  -> (artifact id: '73662a1b05d25f498c8294d4c33bd515') in 0.011249 seconds 
========================================================================
Received Import Request.
  Time since last request: 1154.828124 seconds.
  path: Assets/Materials/Ball 1.mat
  artifactKey: Guid(85c09d5d72d4138498cf632688e9dfe2) Importer(815301076,1909f56bfc062723c751e8b465ee728b)
Start importing Assets/Materials/Ball 1.mat using Guid(85c09d5d72d4138498cf632688e9dfe2) Importer(815301076,1909f56bfc062723c751e8b465ee728b)  -> (artifact id: 'c44dffd8634a3291867bc22920c42410') in 0.027029 seconds 
========================================================================
Received Import Request.
  Time since last request: 0.032892 seconds.
  path: Assets/Materials/Floor.mat
  artifactKey: Guid(769ec0160c31ef34084398c47bd2d5c3) Importer(815301076,1909f56bfc062723c751e8b465ee728b)
Start importing Assets/Materials/Floor.mat using Guid(769ec0160c31ef34084398c47bd2d5c3) Importer(815301076,1909f56bfc062723c751e8b465ee728b)  -> (artifact id: 'dd649fe6557f9b6a627d5c966bb94305') in 0.013268 seconds 
========================================================================
Received Import Request.
  Time since last request: 0.000022 seconds.
  path: Assets/Materials/Lit.mat
  artifactKey: Guid(aaaaa1f9479816b419606e2084aceb96) Importer(815301076,1909f56bfc062723c751e8b465ee728b)
Start importing Assets/Materials/Lit.mat using Guid(aaaaa1f9479816b419606e2084aceb96) Importer(815301076,1909f56bfc062723c751e8b465ee728b)  -> (artifact id: 'fff69c72f1b71e52467388a29c4b143d') in 0.010348 seconds 
========================================================================
Received Import Request.
  Time since last request: 0.000020 seconds.
  path: Assets/Materials/Lit 2.mat
  artifactKey: Guid(2eb785ee43e76414da8864346bfbb408) Importer(815301076,1909f56bfc062723c751e8b465ee728b)
Start importing Assets/Materials/Lit 2.mat using Guid(2eb785ee43e76414da8864346bfbb408) Importer(815301076,1909f56bfc062723c751e8b465ee728b)  -> (artifact id: '33e49555817c092f9370179f49475818') in 0.008260 seconds 
========================================================================
Received Import Request.
  Time since last request: 37.517895 seconds.
  path: Assets/Materials/Ball.mat
  artifactKey: Guid(417470f00bbd8be468d82e533b385998) Importer(815301076,1909f56bfc062723c751e8b465ee728b)
Start importing Assets/Materials/Ball.mat using Guid(417470f00bbd8be468d82e533b385998) Importer(815301076,1909f56bfc062723c751e8b465ee728b)  -> (artifact id: '245ec9916db706d0e3c7100f28334dd3') in 0.014918 seconds 
========================================================================
Received Import Request.
  Time since last request: 0.000038 seconds.
  path: Assets/Materials/Lit 1.mat
  artifactKey: Guid(0248fcabe28d8f64eb148d92a331f00f) Importer(815301076,1909f56bfc062723c751e8b465ee728b)
Start importing Assets/Materials/Lit 1.mat using Guid(0248fcabe28d8f64eb148d92a331f00f) Importer(815301076,1909f56bfc062723c751e8b465ee728b)  -> (artifact id: '7690d752bcdd721feddbf25b99cc9931') in 0.013684 seconds 
========================================================================
Received Import Request.
  Time since last request: 7.134706 seconds.
  path: Assets/Scenes/Ball/Lightmap-0_comp_light.exr
  artifactKey: Guid(8a72c132e1925504c9f6e28fc1f993e7) Importer(815301076,1909f56bfc062723c751e8b465ee728b)
Start importing Assets/Scenes/Ball/Lightmap-0_comp_light.exr using Guid(8a72c132e1925504c9f6e28fc1f993e7) Importer(815301076,1909f56bfc062723c751e8b465ee728b)  -> (artifact id: '5a64f7e89778cda99ead4072a9fe9c83') in 0.017905 seconds 
